<?xml version="1.0" encoding="UTF-8"?>
<!-- Generated by org.testng.reporters.JUnitXMLReporter -->
<testsuite ignored="0" hostname="Lakhan" failures="0" tests="3" name="Default test(failed)" time="5.628" errors="0" timestamp="2022-11-08T18:47:12 IST">
  <testcase classname="Ddfangelstockbroker.ASBLoginTestClass2" name="loginangel" time="0.332"/>
  <testcase classname="Ddfangelstockbroker.ASBLoginTestClass2" name="clickonoldvers" time="0.823"/>
  <testcase classname="Ddfangelstockbroker.ASBLoginTestClass2" name="getuseridverify" time="0.041"/>
</testsuite> <!-- Default test(failed) -->
