<?xml version="1.0" encoding="UTF-8"?>
<!-- Generated by org.testng.reporters.JUnitXMLReporter -->
<testsuite ignored="0" hostname="Lakhan" failures="0" tests="3" name="logintest" time="6.032" errors="0" timestamp="2022-11-08T16:53:16 IST">
  <testcase classname="Ddfangelstockbroker.ASBLoginTestClass2" name="loginangel" time="0.358"/>
  <testcase classname="Ddfangelstockbroker.ASBLoginTestClass2" name="clickonoldvers" time="0.938"/>
  <testcase classname="Ddfangelstockbroker.ASBLoginTestClass2" name="getuseridverify" time="0.047"/>
</testsuite> <!-- logintest -->
