<?xml version="1.0" encoding="UTF-8"?>
<!-- Generated by org.testng.reporters.JUnitXMLReporter -->
<testsuite ignored="0" hostname="Lakhan" failures="0" tests="3" name="Default test" time="6.044" errors="0" timestamp="2022-11-09T13:38:23 IST">
  <testcase classname="Ddfangelstockbroker.ASBLoginTestClass2" name="loginangel" time="0.323"/>
  <testcase classname="Ddfangelstockbroker.ASBLoginTestClass2" name="clickonoldvers" time="0.959"/>
  <testcase classname="Ddfangelstockbroker.ASBLoginTestClass2" name="getuseridverify" time="0.055"/>
</testsuite> <!-- Default test -->
